<?xml version="1.0" encoding="UTF-8"?>
<!-- Generated by org.testng.reporters.JUnitXMLReporter -->
<testsuite ignored="2" hostname="LAPTOP-P01DG4LS" failures="0" tests="3" name="Test" time="0.5" errors="0" timestamp="2021-07-18T20:52:14 IST">
  <testcase classname="task9.IncludeExcludeMechanisminGroups" name="MobileLoginCarLoan" time="0.103"/>
  <testcase classname="task9.IncludeExcludeMechanisminGroups" name="MobileLoginHomeLoan" time="0.048"/>
  <testcase classname="task9.IncludeExcludeMechanisminGroups" name="MobileLoginPersonalLoan" time="0.016"/>
  <testcase classname="task9.IncludeExcludeMechanisminGroups" name="WebLoginCarLoan" time="0.0">
    <ignored/>
  </testcase> <!-- WebLoginCarLoan -->
  <testcase classname="task9.IncludeExcludeMechanisminGroups" name="LoginAPICarLoan" time="0.0">
    <ignored/>
  </testcase> <!-- LoginAPICarLoan -->
</testsuite> <!-- Test -->
