<?xml version="1.0" encoding="UTF-8"?>
<!-- Generated by org.testng.reporters.JUnitXMLReporter -->
<testsuite ignored="0" hostname="LAPTOP-P01DG4LS" failures="0" tests="4" name="Test" time="105.094" errors="0" timestamp="2021-07-19T00:37:36 IST">
  <testcase classname="TestNG_Listeners.FrameHandling" name="verify_theloginPageTitle" time="24.521"/>
  <testcase classname="TestNG_Listeners.FrameHandling" name="user_mouseover_contactsLink_clickNewContact" time="25.168"/>
  <testcase classname="TestNG_Listeners.FrameHandling" name="user_clicks_save_button" time="7.598"/>
  <testcase classname="TestNG_Listeners.FrameHandling" name="user_clicksOnLogout" time="4.903"/>
</testsuite> <!-- Test -->
