<?xml version="1.0" encoding="UTF-8"?>
<!-- Generated by org.testng.reporters.JUnitXMLReporter -->
<testsuite ignored="2" hostname="LAPTOP-P01DG4LS" failures="0" tests="2" name="Test" time="0.708" errors="0" timestamp="2021-07-18T21:52:27 IST">
  <testcase classname="task2.TestingClass2" name="testcase2" time="0.17"/>
  <testcase classname="task2.TestingClass1" name="testcase2" time="0.004"/>
  <testcase classname="task2.TestingClass1" name="testcase1" time="0.0">
    <ignored/>
  </testcase> <!-- testcase1 -->
  <testcase classname="task2.TestingClass2" name="testcase1" time="0.0">
    <ignored/>
  </testcase> <!-- testcase1 -->
</testsuite> <!-- Test -->
